iMPACT Version: Nov 16 2009 17:33:00

iMPACT log file Started on Thu Feb 25 13:49:33 2010

Preference Table
Name                 Setting             
StartupClock         Auto_Correction     
AutoSignature        False               
KeepSVF              False               
ConcurrentMode       False               
UseHighz             False               
ConfigOnFailure      Stop                
UserLevel            Novice              
MessageLevel         Detailed            
svfUseTime           false               
SpiByteSwap          Auto_Correction     
AutoDetecting cable. Please wait.
Connecting to cable (Usb Port - USB21).
Checking cable driver.
 Driver file xusb_emb.sys found.
 Driver version: src=1029, dest=1029.
 Driver windrvr6.sys version = 8.1.1.0. WinDriver v8.11 Jungo (c) 1997 - 2006 Build Date: Oct 16 2006 X86 32bit SYS12:35:07, version = 811.
 Cable PID = 0008.
 Max current requested during enumeration is 74 mA.
Type = 0x0004.
 Cable Type = 3, Revision = 0.
 Setting cable speed to 6 MHz.
Cable connection established.
Firmware version = 1303.
File version of c:/Xilinx/11.1/ISE/data/xusb_xlp.hex = 1303.
Firmware hex file version = 1303.
PLD file version = 0012h.
 PLD version = 0012h.
Identifying chain contents...'0': : Manufacturer's ID = Xilinx xc5vlx110t, Version : 10
INFO:iMPACT:1777 - 
   Reading c:/Xilinx/11.1/ISE/virtex5/data/xc5vlx110t.bsd...
INFO:iMPACT:501 - '1': Added Device xc5vlx110t successfully.
----------------------------------------------------------------------
----------------------------------------------------------------------
'1': : Manufacturer's ID = Xilinx xccace, Version : 0
INFO:iMPACT:1777 - 
   Reading c:/Xilinx/11.1/ISE/acecf/data/xccace.bsd...
INFO:iMPACT:501 - '1': Added Device xccace successfully.
----------------------------------------------------------------------
----------------------------------------------------------------------
'2': : Manufacturer's ID = Xilinx xc95144xl, Version : 5
INFO:iMPACT:1777 - 
   Reading c:/Xilinx/11.1/ISE/xc9500xl/data/xc95144xl.bsd...
INFO:iMPACT:501 - '1': Added Device xc95144xl successfully.
----------------------------------------------------------------------
----------------------------------------------------------------------
'3': : Manufacturer's ID = Xilinx xcf32p, Version : 15
INFO:iMPACT:1777 - 
   Reading c:/Xilinx/11.1/ISE/xcfp/data/xcf32p.bsd...
INFO:iMPACT:501 - '1': Added Device xcf32p successfully.
----------------------------------------------------------------------
----------------------------------------------------------------------
'4': : Manufacturer's ID = Xilinx xcf32p, Version : 15
INFO:iMPACT:501 - '1': Added Device xcf32p successfully.
----------------------------------------------------------------------
----------------------------------------------------------------------
done.
Elapsed time =      1 sec.
Elapsed time =      0 sec.
'5': Loading file 'implementation/download.bit' ...
done.
UserID read from the bitstream file = 0xFFFFFFFF.
----------------------------------------------------------------------
INFO:iMPACT:501 - '5': Added Device xc5vlx110t successfully.
----------------------------------------------------------------------
----------------------------------------------------------------------
Maximum TCK operating frequency for this device chain: 10000000.
Validating chain...
Boundary-scan chain validated successfully.
5: Device Temperature: Current Reading:   60.71 C, Min. Reading:   54.31 C, Max.Reading:   61.20 C
5: VCCINT Supply: Current Reading:   0.993 V, Min. Reading:   0.990 V, Max.Reading:   0.996 V
5: VCCAUX Supply: Current Reading:   2.493 V, Min. Reading:   2.490 V, Max.Reading:   2.493 V
'5': Programming device...
 Match_cycle = NoWait.
Match cycle: NoWait
done.
INFO:iMPACT:2219 - Status register values:
INFO:iMPACT - 0011 1111 1011 1110 0000 1011 1000 0000 
INFO:iMPACT:579 - '5': Completed downloading bit file to device.
INFO:iMPACT - '5': Programing completed successfully.
 Match_cycle = NoWait.
Match cycle: NoWait
INFO:iMPACT - '5': Checking done pin....done.
'5': Programmed successfully.
Elapsed time =      9 sec.
----------------------------------------------------------------------
----------------------------------------------------------------------
----------------------------------------------------------------------
----------------------------------------------------------------------
----------------------------------------------------------------------
----------------------------------------------------------------------
----------------------------------------------------------------------
----------------------------------------------------------------------
