
bitinit version Xilinx EDK 11.4 Build EDK_LS4.68
Copyright (c) Xilinx Inc. 2002.

Parsing MHS File system.mhs...

Overriding IP level properties ...

Performing IP level DRCs on properties...

Running DRC Tcl procedures for OPTION IPLEVEL_DRC_PROC...
Address Map for Processor microblaze_0
  (0000000000-0x00007fff) dlmb_cntlr	dlmb
  (0000000000-0x00007fff) ilmb_cntlr	ilmb
  (0x84000000-0x8400ffff) RS232_Uart_2	mb_plb
  (0x84020000-0x8402ffff) RS232_Uart_1	mb_plb
  (0x84400000-0x8440ffff) mdm_0	mb_plb

Computing clock values...
INFO:EDK:1039 - Did not update the value for parameter:
   nand_01_0_to_microblaze_0:C_READ_CLOCK_PERIOD. Top-level frequency could not
   be propagated to this IP. Please make sure that you have specified the
   frequency of the top-level clock port, and that the clocks are properly
   connected.
INFO:EDK:1039 - Did not update the value for parameter:
   microblaze_0_to_nand_01_0:C_READ_CLOCK_PERIOD. Top-level frequency could not
   be propagated to this IP. Please make sure that you have specified the
   frequency of the top-level clock port, and that the clocks are properly
   connected.
INFO:EDK:1560 - IPNAME:plb_v46 INSTANCE:mb_plb -
   F:\Xilinx\EDK\hw\XilinxProcessorIPLib\pcores\plb_v46_v1_04_a\data\plb_v46_v2_
   1_0.mpd line 70 - tool is overriding PARAMETER C_PLBV46_NUM_MASTERS value to
   2
INFO:EDK:1560 - IPNAME:plb_v46 INSTANCE:mb_plb -
   F:\Xilinx\EDK\hw\XilinxProcessorIPLib\pcores\plb_v46_v1_04_a\data\plb_v46_v2_
   1_0.mpd line 71 - tool is overriding PARAMETER C_PLBV46_NUM_SLAVES value to 3
INFO:EDK:1560 - IPNAME:plb_v46 INSTANCE:mb_plb -
   F:\Xilinx\EDK\hw\XilinxProcessorIPLib\pcores\plb_v46_v1_04_a\data\plb_v46_v2_
   1_0.mpd line 72 - tool is overriding PARAMETER C_PLBV46_MID_WIDTH value to 1
INFO:EDK:1560 - IPNAME:plb_v46 INSTANCE:mb_plb -
   F:\Xilinx\EDK\hw\XilinxProcessorIPLib\pcores\plb_v46_v1_04_a\data\plb_v46_v2_
   1_0.mpd line 74 - tool is overriding PARAMETER C_PLBV46_DWIDTH value to 32
INFO:EDK:1560 - IPNAME:lmb_v10 INSTANCE:ilmb -
   F:\Xilinx\EDK\hw\XilinxProcessorIPLib\pcores\lmb_v10_v1_00_a\data\lmb_v10_v2_
   1_0.mpd line 71 - tool is overriding PARAMETER C_LMB_NUM_SLAVES value to 1
INFO:EDK:1560 - IPNAME:lmb_v10 INSTANCE:dlmb -
   F:\Xilinx\EDK\hw\XilinxProcessorIPLib\pcores\lmb_v10_v1_00_a\data\lmb_v10_v2_
   1_0.mpd line 71 - tool is overriding PARAMETER C_LMB_NUM_SLAVES value to 1
INFO:EDK:1560 - IPNAME:bram_block INSTANCE:lmb_bram -
   F:\Xilinx\EDK\hw\XilinxProcessorIPLib\pcores\bram_block_v1_00_a\data\bram_blo
   ck_v2_1_0.mpd line 69 - tool is overriding PARAMETER C_MEMSIZE value to
   0x8000
INFO:EDK:1560 - IPNAME:xps_uartlite INSTANCE:RS232_Uart_1 -
   F:\Xilinx\EDK\hw\XilinxProcessorIPLib\pcores\xps_uartlite_v1_01_a\data\xps_ua
   rtlite_v2_1_0.mpd line 76 - tool is overriding PARAMETER C_SPLB_NUM_MASTERS
   value to 2
INFO:EDK:1560 - IPNAME:xps_uartlite INSTANCE:RS232_Uart_2 -
   F:\Xilinx\EDK\hw\XilinxProcessorIPLib\pcores\xps_uartlite_v1_01_a\data\xps_ua
   rtlite_v2_1_0.mpd line 76 - tool is overriding PARAMETER C_SPLB_NUM_MASTERS
   value to 2
INFO:EDK:1560 - IPNAME:mdm INSTANCE:mdm_0 -
   F:\Xilinx\EDK\hw\XilinxProcessorIPLib\pcores\mdm_v1_00_g\data\mdm_v2_1_0.mpd
   line 88 - tool is overriding PARAMETER C_SPLB_MID_WIDTH value to 1
INFO:EDK:1560 - IPNAME:mdm INSTANCE:mdm_0 -
   F:\Xilinx\EDK\hw\XilinxProcessorIPLib\pcores\mdm_v1_00_g\data\mdm_v2_1_0.mpd
   line 89 - tool is overriding PARAMETER C_SPLB_NUM_MASTERS value to 2

Checking platform address map ...

Initializing Memory...
Running Data2Mem with the following command:
data2mem -bm "implementation/system_bd" -bt "implementation/system.bit"  -bd
"TestApp_Memory_microblaze_0/executable.elf" tag microblaze_0  -o b
implementation/download.bit 
Memory Initialization completed successfully.

