Drill Listing
=============
Drill: 7  Tool: 1  Feed: 0  Speed: 0
X 116700  Y 117100
X 105142  Y 117100
X 127900  Y 117100
X 120600  Y 117100
X 113200  Y 118500
X 118571  Y 119471
X 122257  Y 120392
X 114400  Y 122800
X 126205  Y 123512
X 129900  Y 125300
X 115200  Y 141000
X 144015  Y 215500
X 145984  Y 205000
X 132200  Y 201800
X 134200  Y 199900
X 130200  Y 197900
X 136100  Y 195900
X 140300  Y 160500
X 134100  Y 151800
X 133000  Y 148700
X 135900  Y 145500
X 136900  Y 140400
X 149100  Y 140400
X 144678  Y 139300
X 144015  Y 127453
X 139700  Y 127100
X 132146  Y 122596
X 144000  Y 122300
X 137600  Y 122200
X 148163  Y 120100
X 143000  Y 118800
X 151300  Y 118596
X 147400  Y 117100
X 154800  Y 117100
X 139750  Y 117100
X 177300  Y 117100
X 160200  Y 117300
X 158370  Y 119829
X 167892  Y 121488
X 178500  Y 121600
X 165300  Y 122100
X 173315  Y 123030
X 159432  Y 125032
X 167636  Y 125700
X 155900  Y 127700
X 171800  Y 128500
X 175300  Y 129000
X 179330  Y 133600
X 163000  Y 146400
X 172800  Y 154200
X 174400  Y 166200
X 171668  Y 168208
X 167600  Y 171300
X 157800  Y 203800
X 173070  Y 215625
X 157600  Y 229600
X 180300  Y 231400
X 197037  Y 221758
X 203015  Y 205330
X 194200  Y 204000
X 190200  Y 202200
X 203800  Y 195100
X 182677  Y 194500
X 199000  Y 189900
X 183085  Y 186557
X 181600  Y 183800
X 204031  Y 183368
X 193500  Y 181018
X 189500  Y 180200
X 186300  Y 178400
X 182677  Y 178148
X 193971  Y 177518
X 203924  Y 175624
X 201800  Y 172800
X 182400  Y 172400
X 193938  Y 168150
X 204330  Y 166929
X 182069  Y 166900
X 181600  Y 163900
X 196195  Y 160853
X 192700  Y 159400
X 187800  Y 158700
X 182069  Y 150607
X 199800  Y 150000
X 186200  Y 136500
X 194000  Y 127264
X 204520  Y 126967
X 191000  Y 126000
X 200601  Y 125782
X 198667  Y 123473
X 203805  Y 123467
X 201206  Y 121768
X 195249  Y 121764
X 190715  Y 120500
X 183384  Y 119658
X 199032  Y 118476
X 193028  Y 118328
X 190028  Y 117100
X 185028  Y 117100
X 181028  Y 117100
X 203532  Y 117024
X 214500  Y 117086
X 229000  Y 117100
X 220599  Y 117100
X 206500  Y 118300
X 209500  Y 118514
X 225111  Y 119146
X 217832  Y 119282
X 206588  Y 121300
X 216200  Y 122600
X 224100  Y 123100
X 227305  Y 123139
X 219700  Y 123500
X 208700  Y 123900
X 218000  Y 126700
X 220676  Y 127576
X 210365  Y 127700
X 224682  Y 136275
X 218875  Y 136275
X 209671  Y 136628
X 221500  Y 138700
X 226500  Y 138800
X 219700  Y 143300
X 211800  Y 143300
X 228200  Y 147100
X 220300  Y 147200
X 215800  Y 147200
X 211900  Y 147300
X 227900  Y 151181
X 220300  Y 151200
X 212400  Y 151200
X 216200  Y 151400
X 224200  Y 154900
X 216500  Y 155100
X 212100  Y 155100
X 228200  Y 155100
X 216000  Y 159000
X 212500  Y 159000
X 224015  Y 159055
X 227952  Y 159055
X 220300  Y 159100
X 227952  Y 162992
X 224015  Y 162992
X 212400  Y 163000
X 220300  Y 163000
X 216400  Y 163000
X 216100  Y 166600
X 224015  Y 166800
X 207900  Y 166900
X 220300  Y 166900
X 212500  Y 166900
X 227952  Y 166929
X 216400  Y 170800
X 219700  Y 174800
X 224015  Y 174803
X 227952  Y 174900
X 220100  Y 178700
X 224015  Y 178740
X 227952  Y 178740
X 216300  Y 179000
X 224300  Y 182600
X 216200  Y 182600
X 220000  Y 182700
X 220100  Y 190300
X 224200  Y 190400
X 216500  Y 190500
X 212300  Y 194500
X 220200  Y 194500
X 227992  Y 194707
X 227100  Y 203700
X 221100  Y 205300
X 214800  Y 205400
X 205984  Y 216141
X 239877  Y 253000
X 247751  Y 253000
X 244128  Y 221328
X 242200  Y 217600
X 245800  Y 214600
X 236000  Y 213300
X 234078  Y 210978
X 248759  Y 205540
X 238647  Y 204747
X 252682  Y 203100
X 242200  Y 203000
X 251574  Y 198600
X 243900  Y 194600
X 251574  Y 194600
X 247574  Y 194488
X 235900  Y 194400
X 251500  Y 190600
X 243700  Y 190600
X 236000  Y 190500
X 239900  Y 190400
X 251800  Y 186700
X 247710  Y 186610
X 243300  Y 186600
X 235600  Y 186600
X 251300  Y 182700
X 247637  Y 182677
X 239763  Y 182677
X 243700  Y 182677
X 235900  Y 182400
X 243700  Y 178906
X 239763  Y 178900
X 231889  Y 178740
X 251200  Y 178700
X 247800  Y 178500
X 247637  Y 174906
X 243803  Y 174906
X 239763  Y 174900
X 231837  Y 174855
X 236100  Y 170800
X 239800  Y 170500
X 235800  Y 167300
X 231889  Y 166929
X 239763  Y 166929
X 247637  Y 166929
X 243804  Y 166825
X 251800  Y 166800
X 239763  Y 162992
X 231889  Y 162992
X 243700  Y 162992
X 247637  Y 162992
X 235700  Y 159300
X 231889  Y 159055
X 243700  Y 159055
X 251500  Y 159000
X 248000  Y 159000
X 232100  Y 155100
X 251300  Y 155100
X 247800  Y 155000
X 251300  Y 151100
X 240100  Y 151100
X 251300  Y 147200
X 247700  Y 147200
X 243700  Y 147100
X 251900  Y 143300
X 247400  Y 143300
X 239900  Y 143200
X 243900  Y 143200
X 251759  Y 139414
X 245403  Y 138092
X 237018  Y 137781
X 241903  Y 137279
X 253694  Y 136398
X 234700  Y 134524
X 232200  Y 134200
X 239200  Y 133600
X 232887  Y 131387
X 239929  Y 129970
X 237371  Y 126747
X 240622  Y 125238
X 251653  Y 124876
X 231400  Y 124203
X 235300  Y 123100
X 242851  Y 122517
X 230305  Y 121190
X 235385  Y 120100
X 244616  Y 119333
X 252231  Y 118631
X 239231  Y 117100
X 241731  Y 117100
X 246731  Y 117100
X 233500  Y 117035
X 279468  Y 117016
X 271322  Y 117035
X 274844  Y 117049
X 262400  Y 117100
X 266400  Y 117100
X 257400  Y 117100
X 268210  Y 119081
X 271710  Y 119511
X 277038  Y 119902
X 256009  Y 120509
X 260519  Y 120600
X 264519  Y 121046
X 274885  Y 122700
X 279504  Y 123093
X 266640  Y 123168
X 258888  Y 123288
X 255153  Y 123810
X 269640  Y 124085
X 262596  Y 124876
X 275868  Y 126700
X 267222  Y 127089
X 272368  Y 127747
X 257702  Y 138754
X 268200  Y 142400
X 255400  Y 143400
X 263389  Y 143589
X 255300  Y 147188
X 263700  Y 147200
X 259800  Y 147300
X 255800  Y 151100
X 259300  Y 151200
X 263800  Y 151200
X 268300  Y 152150
X 275800  Y 153400
X 255700  Y 155000
X 259200  Y 155100
X 272625  Y 155174
X 259700  Y 158900
X 255700  Y 159200
X 255800  Y 162900
X 268350  Y 164767
X 275069  Y 165223
X 263600  Y 166800
X 255300  Y 166900
X 273148  Y 168251
X 268800  Y 170267
X 259700  Y 174700
X 263400  Y 174700
X 255200  Y 174700
X 274882  Y 174800
X 267100  Y 174800
X 271507  Y 175767
X 268819  Y 178029
X 259600  Y 178800
X 255300  Y 182800
X 259500  Y 182800
X 271700  Y 183029
X 268700  Y 183600
X 259500  Y 186600
X 263500  Y 186700
X 255800  Y 186700
X 267600  Y 187100
X 275500  Y 187800
X 259700  Y 190400
X 263500  Y 190550
X 255200  Y 190600
X 269500  Y 193300
X 255200  Y 194600
X 267700  Y 197800
X 269000  Y 202622
X 256182  Y 202950
X 272146  Y 202953
X 262370  Y 203877
X 259600  Y 204622
X 255214  Y 205517
X 263279  Y 214336
X 258370  Y 214570
X 266936  Y 215813
X 256085  Y 215821
X 274800  Y 216019
X 261648  Y 216948
X 268700  Y 219000
X 255625  Y 253000
X 263500  Y 253000
X 279248  Y 253000
X 271374  Y 253000
X 286050  Y 253000
X 283800  Y 231400
X 298830  Y 208600
X 281000  Y 200000
X 300400  Y 199800
X 294900  Y 196487
X 302400  Y 196487
X 298000  Y 187000
X 287100  Y 185900
X 287000  Y 182900
X 300800  Y 182800
X 289524  Y 180475
X 282120  Y 179920
X 292700  Y 179300
X 290096  Y 176975
X 289910  Y 173475
X 297075  Y 173117
X 282600  Y 171950
X 303800  Y 171000
X 291742  Y 170357
X 298907  Y 170000
X 295242  Y 170000
X 301853  Y 168703
X 294300  Y 167000
X 304346  Y 166246
X 287371  Y 164900
X 301825  Y 164525
X 294100  Y 162500
X 288600  Y 161400
X 281100  Y 159900
X 295000  Y 157300
X 296821  Y 154878
X 284946  Y 154118
X 289901  Y 153598
X 281797  Y 152317
X 293214  Y 151414
X 286542  Y 150370
X 289563  Y 148435
X 282400  Y 146700
X 304000  Y 145100
X 284756  Y 144813
X 280311  Y 143839
X 300600  Y 141300
X 282314  Y 140892
X 297100  Y 139943
X 287300  Y 138100
X 291752  Y 137512
X 299113  Y 136588
X 294613  Y 134900
X 299330  Y 132300
X 291793  Y 131356
X 295800  Y 129000
X 283868  Y 127617
X 303266  Y 127500
X 280368  Y 127023
X 286100  Y 124900
X 297468  Y 123500
X 304664  Y 122000
X 284986  Y 121400
X 293957  Y 120700
X 297900  Y 120500
X 290457  Y 120178
X 300700  Y 118500
X 293327  Y 117700
X 287327  Y 117100
X 296827  Y 117022
X 309250  Y 117100
X 325164  Y 117100
X 320100  Y 117900
X 327800  Y 118749
X 312317  Y 119067
X 324957  Y 120149
X 320900  Y 120300
X 309400  Y 121100
X 317096  Y 122317
X 324700  Y 123149
X 325210  Y 126649
X 310000  Y 126700
X 321100  Y 127100
X 329178  Y 127121
X 307500  Y 127700
X 325984  Y 137000
X 305350  Y 140186
X 315500  Y 141940
X 327500  Y 141940
X 312200  Y 148200
X 306100  Y 150500
X 318300  Y 150800
X 324500  Y 151500
X 315303  Y 152046
X 329600  Y 152800
X 311167  Y 153332
X 318500  Y 153500
X 323000  Y 154100
X 326100  Y 154100
X 326000  Y 164200
X 321042  Y 164500
X 308071  Y 164571
X 312578  Y 166428
X 319000  Y 166700
X 309700  Y 168500
X 319714  Y 169778
X 307300  Y 171600
X 315600  Y 172100
X 324835  Y 172400
X 321335  Y 172400
X 311250  Y 172500
X 319488  Y 182870
X 307200  Y 182900
X 308937  Y 185153
X 318000  Y 185500
X 320977  Y 189440
X 327000  Y 189440
X 314400  Y 191900
X 314400  Y 195800
X 308628  Y 197371
X 320500  Y 197800
X 317500  Y 198000
X 323600  Y 198000
X 309500  Y 201700
X 327800  Y 203300
X 312124  Y 204024
X 324000  Y 205600
X 327984  Y 215500
X 322015  Y 216000
X 309488  Y 216098
X 320200  Y 230300
X 334068  Y 205331
X 332700  Y 182600
X 336000  Y 178800
X 333200  Y 174800
X 340500  Y 171600
X 340500  Y 165400
X 332300  Y 164200
X 332700  Y 160600
X 334121  Y 157778
X 332121  Y 151078
X 338600  Y 150200
X 341600  Y 147300
X 338600  Y 146700
X 334189  Y 141424
X 344900  Y 127400
X 338000  Y 126200
X 331800  Y 125500
X 350000  Y 124700
X 335700  Y 123400
X 350763  Y 121700
X 338074  Y 119274
X 352411  Y 117947
X 331100  Y 117100
X 345600  Y 117100
X 342100  Y 117100
X 334600  Y 117100

Drill: 47.24  Tool: 2  Feed: 139  Speed: 550
X 243814  Y 236500
X 283185  Y 236500

Drill: 64.96  Tool: 3  Feed: 89  Speed: 550
X 116614  Y 240000
X 132204  Y 240000
X 147795  Y 240000
X 163149  Y 240000
X 187204  Y 240000
X 202795  Y 240000
X 327704  Y 239500
X 343295  Y 239500

Drill: 70.87  Tool: 4  Feed: 81  Speed: 550
X 107874  Y 123622
X 358267  Y 123622

End of Listing
